Arguments: 
  C:\Program Files\nodejs\node.exe C:\Program Files (x86)\Yarn\bin\yarn.js install

PATH: 
  C:\WINDOWS\system32;C:\WINDOWS;C:\WINDOWS\System32\Wbem;C:\WINDOWS\System32\WindowsPowerShell\v1.0\;C:\Program Files\TortoiseSVN\bin;C:\Program Files\Java\jdk1.7.0_15;C:\MinGW\bin;D:\Program Files (x86)\Git\cmd;C:\WINDOWS\System32\OpenSSH\;C:\Program Files (x86)\Yarn\bin\;C:\Program Files\nodejs\;C:\Ruby24-x64\bin;C:\Users\Harry\AppData\Local\Microsoft\WindowsApps;C:\Program Files\Microsoft VS Code\bin;C:\Users\Harry\AppData\Local\Yarn\bin;C:\Users\Harry\AppData\Roaming\npm

Yarn version: 
  1.6.0

Node version: 
  8.11.1

Platform: 
  win32 x64

Trace: 
  Error: getaddrinfo ENOTFOUND registry.yarnpkg.com registry.yarnpkg.com:443
      at errnoException (dns.js:50:10)
      at GetAddrInfoReqWrap.onlookup [as oncomplete] (dns.js:92:26)

npm manifest: 
  {
    "name": "datatables",
    "version": "1.0.0",
    "description": "datatables demo",
    "main": "index.js",
    "author": "Harry",
    "license": "MIT",
    "dependencies": {
      "datatables.net-dt": "^1.10.16"
    },
    "devDependencies": {
      "webpack": "^3.5.3",
      "webpack-dev-server": "^2.9.7"
    }
  }

yarn manifest: 
  No manifest

Lockfile: 
  # THIS IS AN AUTOGENERATED FILE. DO NOT EDIT THIS FILE DIRECTLY.
  # yarn lockfile v1
  
  
  datatables.net-dt@^1.10.16:
    version "1.10.16"
    resolved "https://registry.yarnpkg.com/datatables.net-dt/-/datatables.net-dt-1.10.16.tgz#6758a308fb9e5f9629fb6541cc301e48ec9ec555"
    dependencies:
      datatables.net "1.10.16"
      jquery ">=1.7"
  
  datatables.net@1.10.16:
    version "1.10.16"
    resolved "https://registry.yarnpkg.com/datatables.net/-/datatables.net-1.10.16.tgz#4b052d1082824261b68eed9d22741b711d3d2469"
    dependencies:
      jquery ">=1.7"
  
  jquery@>=1.7:
    version "3.3.1"
    resolved "https://registry.yarnpkg.com/jquery/-/jquery-3.3.1.tgz#958ce29e81c9790f31be7792df5d4d95fc57fbca"
